C51 COMPILER V9.53.0.0   HCXY_X30_EFM8BB21F16G_C_QFN20_MAIN                                02/21/2019 15:14:35 PAGE 1   


C51 COMPILER V9.53.0.0, COMPILATION OF MODULE HCXY_X30_EFM8BB21F16G_C_QFN20_MAIN
OBJECT MODULE PLACED IN .\src\HCXY_X30_EFM8BB21F16G-C-QFN20_main.OBJ
COMPILER INVOKED BY: c:\Shaul\Client\Formal\SimplicityStudio\developer\toolchains\keil_8051\9.53\BIN\C51.exe C:\Shaul\Wo
                    -rk\Products\华晨鑫源\Radar\X30\CODE\HCXY_X30_EFM8BB21F16G-C-QFN20\src\HCXY_X30_EFM8BB21F16G-C-QFN20_main.c OMF2 SMALL DE
                    -BUG OBJECTEXTEND ROM(LARGE) WARNINGLEVEL(2) FLOATFUZZY(3) OPTIMIZE(8,SPEED) DEFINE(DEBUG=1) INTVECTOR(0X0000) INTPROMOTE
                    - INCDIR(C:\Shaul\Work\Products\华晨鑫源\Radar\X30\CODE\HCXY_X30_EFM8BB21F16G-C-QFN20\inc;C:/Shaul/Client/Formal/Simplici
                    -tyStudio/developer/sdks/8051/v4.1.0//Device/shared/si8051base;C:/Shaul/Client/Formal/SimplicityStudio/developer/sdks/805
                    -1/v4.1.0//Device/EFM8BB2/inc) PRINT(.\src\HCXY_X30_EFM8BB21F16G-C-QFN20_main.lst) COND PAGEWIDTH(120) PAGELENGTH(65) OBJ
                    -ECT(.\src\HCXY_X30_EFM8BB21F16G-C-QFN20_main.OBJ)

line level    source

   1          //=========================================================
   2          // src/HCXY_X30_EFM8BB21F16G-C-QFN20_main.c: generated by Hardware Configurator
   3          //
   4          // This file will be updated when saving a document.
   5          // leave the sections inside the "$[...]" comment tags alone
   6          // or they will be overwritten!!
   7          //=========================================================
   8          
   9          //-----------------------------------------------------------------------------
  10          // Includes
  11          //-----------------------------------------------------------------------------
  12          #include <SI_EFM8BB2_Register_Enums.h>                  // SFR declarations
  13          #include "InitDevice.h"
  14          // $[Generated Includes]
  15          // [Generated Includes]$
  16          
  17          //-----------------------------------------------------------------------------
  18          // SiLabs_Startup() Routine
  19          // ----------------------------------------------------------------------------
  20          // This function is called immediately after reset, before the initialization
  21          // code is run in SILABS_STARTUP.A51 (which runs before main() ). This is a
  22          // useful place to disable the watchdog timer, which is enable by default
  23          // and may trigger before main() in some instances.
  24          //-----------------------------------------------------------------------------
  25          void SiLabs_Startup (void)
  26          {
  27   1        // $[SiLabs Startup]
  28   1        // [SiLabs Startup]$
  29   1      }
  30          
  31          //-----------------------------------------------------------------------------
  32          // main() Routine
  33          // ----------------------------------------------------------------------------
  34          int main (void)
  35          {
  36   1        // Call hardware initialization routine
  37   1        enter_DefaultMode_from_RESET();
  38   1        
  39   1        while (1) 
  40   1        {
  41   2          // $[Generated Run-time code]
  42   2          // [Generated Run-time code]$
  43   2        }                             
  44   1      }


MODULE INFORMATION:   STATIC OVERLAYABLE
   CODE SIZE        =      6    ----
   CONSTANT SIZE    =   ----    ----
   XDATA SIZE       =   ----    ----
C51 COMPILER V9.53.0.0   HCXY_X30_EFM8BB21F16G_C_QFN20_MAIN                                02/21/2019 15:14:35 PAGE 2   

   PDATA SIZE       =   ----    ----
   DATA SIZE        =   ----    ----
   IDATA SIZE       =   ----    ----
   BIT SIZE         =   ----    ----
   EDATA SIZE       =   ----    ----
   HDATA SIZE       =   ----    ----
   XDATA CONST SIZE =   ----    ----
   FAR CONST SIZE   =   ----    ----
END OF MODULE INFORMATION.


C51 COMPILATION COMPLETE.  0 WARNING(S),  0 ERROR(S)
