C51 COMPILER V9.60.0.0   MAIN                                                              08/03/2020 08:45:47 PAGE 1   


C51 COMPILER V9.60.0.0, COMPILATION OF MODULE MAIN
OBJECT MODULE PLACED IN .\src\Main.OBJ
COMPILER INVOKED BY: c:\SiliconLabs\SimplicityStudio\v4\developer\toolchains\keil_8051\9.60\BIN\C51.exe C:\WorkSpace\7_S
                    -WM\X30\HCXY_X30_EFM8BB21F16G-C-QFN20_正常探芯\src\Main.c OMF2 SMALL DEBUG OBJECTEXTEND ROM(LARGE) WARNINGLEVEL(2) FLOATF
                    -UZZY(3) OPTIMIZE(9,SPEED) DEFINE(NDEBUG=1) INTVECTOR(0X0000) INTPROMOTE INCDIR(C:\WorkSpace\7_SWM\X30\HCXY_X30_EFM8BB21F
                    -16G-C-QFN20_正常探芯\inc;C:/SiliconLabs/SimplicityStudio/v4/developer/sdks/8051/v4.1.7//Device/shared/si8051base;C:/Sili
                    -conLabs/SimplicityStudio/v4/developer/sdks/8051/v4.1.7//Device/EFM8BB2/inc) REGFILE(HCXY_X30_EFM8BB21F16G-C-QFN20_正常探
                    -芯.ORC) PRINT(.\src\Main.lst) COND PAGEWIDTH(120) PAGELENGTH(65) OBJECT(.\src\Main.OBJ)

line level    source



MODULE INFORMATION:   STATIC OVERLAYABLE
   CODE SIZE        =    132    ----
   CONSTANT SIZE    =   ----    ----
   XDATA SIZE       =      9    ----
   PDATA SIZE       =   ----    ----
   DATA SIZE        =      2    ----
   IDATA SIZE       =   ----    ----
   BIT SIZE         =   ----    ----
   EDATA SIZE       =   ----    ----
   HDATA SIZE       =   ----    ----
   XDATA CONST SIZE =   ----    ----
   FAR CONST SIZE   =   ----    ----
END OF MODULE INFORMATION.


C51 COMPILATION COMPLETE.  0 WARNING(S),  0 ERROR(S)
