C51 COMPILER V9.60.0.0   COMMAND                                                           08/03/2020 08:45:40 PAGE 1   


C51 COMPILER V9.60.0.0, COMPILATION OF MODULE COMMAND
OBJECT MODULE PLACED IN .\src\Command.OBJ
COMPILER INVOKED BY: c:\SiliconLabs\SimplicityStudio\v4\developer\toolchains\keil_8051\9.60\BIN\C51.exe C:\WorkSpace\7_S
                    -WM\X30\HCXY_X30_EFM8BB21F16G-C-QFN20_正常探芯\src\Command.c OMF2 LARGE DEBUG OBJECTEXTEND ROM(LARGE) WARNINGLEVEL(2) FLO
                    -ATFUZZY(3) OPTIMIZE(8,SPEED) DEFINE(DEBUG=1) INTVECTOR(0X0000) INTPROMOTE INCDIR(C:\WorkSpace\7_SWM\X30\HCXY_X30_EFM8BB2
                    -1F16G-C-QFN20_正常探芯\inc;C:/SiliconLabs/SimplicityStudio/v4/developer/sdks/8051/v4.1.7//Device/shared/si8051base;C:/Si
                    -liconLabs/SimplicityStudio/v4/developer/sdks/8051/v4.1.7//Device/EFM8BB2/inc) PRINT(.\src\Command.lst) COND PAGEWIDTH(12
                    -0) PAGELENGTH(65) OBJECT(.\src\Command.OBJ)

line level    source

*** WARNING C280 IN LINE 21 OF C:\WorkSpace\7_SWM\X30\HCXY_X30_EFM8BB21F16G-C-QFN20_粘Ｌ叫\src\Command.c: 'i': unrefere
             -nced local variable


MODULE INFORMATION:   STATIC OVERLAYABLE
   CODE SIZE        =    592    ----
   CONSTANT SIZE    =   ----    ----
   XDATA SIZE       =     24       2
   PDATA SIZE       =   ----    ----
   DATA SIZE        =   ----    ----
   IDATA SIZE       =   ----    ----
   BIT SIZE         =   ----    ----
   EDATA SIZE       =   ----    ----
   HDATA SIZE       =   ----    ----
   XDATA CONST SIZE =   ----    ----
   FAR CONST SIZE   =   ----    ----
END OF MODULE INFORMATION.


C51 COMPILATION COMPLETE.  1 WARNING(S),  0 ERROR(S)
