C51 COMPILER V9.60.0.0   UART                                                              07/30/2020 10:08:33 PAGE 1   


C51 COMPILER V9.60.0.0, COMPILATION OF MODULE UART
OBJECT MODULE PLACED IN .\src\Uart.OBJ
COMPILER INVOKED BY: c:\SiliconLabs\SimplicityStudio\v4\developer\toolchains\keil_8051\9.60\BIN\C51.exe C:\WorkSpace\7_S
                    -WM\X30\HCXY_X30_EFM8BB21F16G-C-QFN20_正常探芯\src\Uart.c OMF2 LARGE DEBUG OBJECTEXTEND ROM(LARGE) WARNINGLEVEL(2) FLOATF
                    -UZZY(3) OPTIMIZE(8,SPEED) DEFINE(DEBUG=1) INTVECTOR(0X0000) INTPROMOTE INCDIR(C:\WorkSpace\7_SWM\X30\HCXY_X30_EFM8BB21F1
                    -6G-C-QFN20_正常探芯\inc;C:/SiliconLabs/SimplicityStudio/v4/developer/sdks/8051/v4.1.7//Device/shared/si8051base;C:/Silic
                    -onLabs/SimplicityStudio/v4/developer/sdks/8051/v4.1.7//Device/EFM8BB2/inc) PRINT(.\src\Uart.lst) COND PAGEWIDTH(120) PAG
                    -ELENGTH(65) OBJECT(.\src\Uart.OBJ)

line level    source



MODULE INFORMATION:   STATIC OVERLAYABLE
   CODE SIZE        =    321    ----
   CONSTANT SIZE    =   ----    ----
   XDATA SIZE       =      2       1
   PDATA SIZE       =   ----    ----
   DATA SIZE        =   ----    ----
   IDATA SIZE       =   ----    ----
   BIT SIZE         =   ----    ----
   EDATA SIZE       =   ----    ----
   HDATA SIZE       =   ----    ----
   XDATA CONST SIZE =   ----    ----
   FAR CONST SIZE   =   ----    ----
END OF MODULE INFORMATION.


C51 COMPILATION COMPLETE.  0 WARNING(S),  0 ERROR(S)
