C51 COMPILER V9.60.0.0   ADC                                                               05/14/2020 10:59:44 PAGE 1   


C51 COMPILER V9.60.0.0, COMPILATION OF MODULE ADC
OBJECT MODULE PLACED IN .\src\Adc.OBJ
COMPILER INVOKED BY: c:\SiliconLabs\SimplicityStudio\v4\developer\toolchains\keil_8051\9.60\BIN\C51.exe C:\Users\Adminis
                    -trator\Desktop\workspace\X30\HCXY_X30_EFM8BB21F16G-C-QFN20_正常探芯\src\Adc.c OMF2 LARGE DEBUG OBJECTEXTEND ROM(LARGE) W
                    -ARNINGLEVEL(2) FLOATFUZZY(3) OPTIMIZE(8,SPEED) DEFINE(DEBUG=1) INTVECTOR(0X0000) INTPROMOTE INCDIR(C:\Users\Administrato
                    -r\Desktop\workspace\X30\HCXY_X30_EFM8BB21F16G-C-QFN20_正常探芯\inc;C:/SiliconLabs/SimplicityStudio/v4/developer/sdks/805
                    -1/v4.1.7//Device/shared/si8051base;C:/SiliconLabs/SimplicityStudio/v4/developer/sdks/8051/v4.1.7//Device/EFM8BB2/inc) PR
                    -INT(.\src\Adc.lst) COND PAGEWIDTH(120) PAGELENGTH(65) OBJECT(.\src\Adc.OBJ)

line level    source



MODULE INFORMATION:   STATIC OVERLAYABLE
   CODE SIZE        =    592    ----
   CONSTANT SIZE    =   ----    ----
   XDATA SIZE       =     32       3
   PDATA SIZE       =   ----    ----
   DATA SIZE        =   ----    ----
   IDATA SIZE       =   ----    ----
   BIT SIZE         =   ----    ----
   EDATA SIZE       =   ----    ----
   HDATA SIZE       =   ----    ----
   XDATA CONST SIZE =   ----    ----
   FAR CONST SIZE   =   ----    ----
END OF MODULE INFORMATION.


C51 COMPILATION COMPLETE.  0 WARNING(S),  0 ERROR(S)
