C51 COMPILER V9.60.0.0   COMMAND                                                           05/14/2020 10:59:44 PAGE 1   


C51 COMPILER V9.60.0.0, COMPILATION OF MODULE COMMAND
OBJECT MODULE PLACED IN .\src\Command.OBJ
COMPILER INVOKED BY: c:\SiliconLabs\SimplicityStudio\v4\developer\toolchains\keil_8051\9.60\BIN\C51.exe C:\Users\Adminis
                    -trator\Desktop\workspace\X30\HCXY_X30_EFM8BB21F16G-C-QFN20_正常探芯\src\Command.c OMF2 LARGE DEBUG OBJECTEXTEND ROM(LARG
                    -E) WARNINGLEVEL(2) FLOATFUZZY(3) OPTIMIZE(8,SPEED) DEFINE(DEBUG=1) INTVECTOR(0X0000) INTPROMOTE INCDIR(C:\Users\Administ
                    -rator\Desktop\workspace\X30\HCXY_X30_EFM8BB21F16G-C-QFN20_正常探芯\inc;C:/SiliconLabs/SimplicityStudio/v4/developer/sdks
                    -/8051/v4.1.7//Device/shared/si8051base;C:/SiliconLabs/SimplicityStudio/v4/developer/sdks/8051/v4.1.7//Device/EFM8BB2/inc
                    -) PRINT(.\src\Command.lst) COND PAGEWIDTH(120) PAGELENGTH(65) OBJECT(.\src\Command.OBJ)

line level    source

*** WARNING C280 IN LINE 21 OF C:\Users\Administrator\Desktop\workspace\X30\HCXY_X30_EFM8BB21F16G-C-QFN20_粘Ｌ叫\src\Co
             -mmand.c: 'i': unreferenced local variable


MODULE INFORMATION:   STATIC OVERLAYABLE
   CODE SIZE        =    723    ----
   CONSTANT SIZE    =   ----    ----
   XDATA SIZE       =     24       2
   PDATA SIZE       =   ----    ----
   DATA SIZE        =   ----    ----
   IDATA SIZE       =   ----    ----
   BIT SIZE         =   ----    ----
   EDATA SIZE       =   ----    ----
   HDATA SIZE       =   ----    ----
   XDATA CONST SIZE =   ----    ----
   FAR CONST SIZE   =   ----    ----
END OF MODULE INFORMATION.


C51 COMPILATION COMPLETE.  1 WARNING(S),  0 ERROR(S)
