C51 COMPILER V9.53.0.0   INITDEVICE                                                        08/13/2020 11:08:43 PAGE 1   


C51 COMPILER V9.53.0.0, COMPILATION OF MODULE INITDEVICE
OBJECT MODULE PLACED IN .\src\InitDevice.OBJ
COMPILER INVOKED BY: c:\SiliconLabs\SimplicityStudio\v4\developer\toolchains\keil_8051\9.53\BIN\C51.exe C:\Users\lzdd\De
                    -sktop\m80\DFSK-F516-EFM8BB21F16G-C-QFN20\src\InitDevice.c OMF2 LARGE DEBUG OBJECTEXTEND ROM(LARGE) WARNINGLEVEL(2) FLOAT
                    -FUZZY(3) OPTIMIZE(8,SPEED) DEFINE(DEBUG=1) INTVECTOR(0X0000) INTPROMOTE INCDIR(C:\Users\lzdd\Desktop\m80\DFSK-F516-EFM8B
                    -B21F16G-C-QFN20\inc;C:/SiliconLabs/SimplicityStudio/v4/developer/sdks/8051/v4.1.6//Device/shared/si8051base;C:/SiliconLa
                    -bs/SimplicityStudio/v4/developer/sdks/8051/v4.1.6//Device/EFM8BB2/inc) PRINT(.\src\InitDevice.lst) COND PAGEWIDTH(120) P
                    -AGELENGTH(65) OBJECT(.\src\InitDevice.OBJ)

line level    source

   1          //=========================================================
   2          // src/InitDevice.c: generated by Hardware Configurator
   3          //
   4          // This file will be regenerated when saving a document.
   5          // leave the sections inside the "$[...]" comment tags alone
   6          // or they will be overwritten!
   7          //=========================================================
   8          
   9          // USER INCLUDES
  10          #include <SI_EFM8BB2_Register_Enums.h>
  11          #include "InitDevice.h"
  12          
  13          // USER PROTOTYPES
  14          // USER FUNCTIONS
  15          
  16          // $[Library Includes]
  17          // [Library Includes]$
  18          
  19          //==============================================================================
  20          // enter_DefaultMode_from_RESET
  21          //==============================================================================
  22          extern void enter_DefaultMode_from_RESET(void) {
  23   1              // $[Config Calls]
  24   1              // Save the SFRPAGE
  25   1              uint8_t SFRPAGE_save = SFRPAGE;
  26   1              // Restore the SFRPAGE
  27   1              SFRPAGE = SFRPAGE_save;
  28   1              // [Config Calls]$
  29   1      
  30   1      }
  31          


MODULE INFORMATION:   STATIC OVERLAYABLE
   CODE SIZE        =      5    ----
   CONSTANT SIZE    =   ----    ----
   XDATA SIZE       =   ----    ----
   PDATA SIZE       =   ----    ----
   DATA SIZE        =   ----    ----
   IDATA SIZE       =   ----    ----
   BIT SIZE         =   ----    ----
   EDATA SIZE       =   ----    ----
   HDATA SIZE       =   ----    ----
   XDATA CONST SIZE =   ----    ----
   FAR CONST SIZE   =   ----    ----
END OF MODULE INFORMATION.


C51 COMPILATION COMPLETE.  0 WARNING(S),  0 ERROR(S)
