C51 COMPILER V9.60.0.0   UARTCFG                                                           08/04/2020 09:19:07 PAGE 1   


C51 COMPILER V9.60.0.0, COMPILATION OF MODULE UARTCFG
OBJECT MODULE PLACED IN .\src\UartCfg.OBJ
COMPILER INVOKED BY: c:\SiliconLabs\SimplicityStudio\v4\developer\toolchains\keil_8051\9.60\BIN\C51.exe C:\WorkSpace\7_S
                    -WM\T50\T50¸ü¸Ä³¤Ãù±¨¾¯³ÌÐò\HCXY_T50_EFM8BB21F16G-C-QFN20\src\UartCfg.c OMF2 SMALL DEBUG OBJECTEXTEND ROM(LARGE) WARNINGL
                    -EVEL(2) FLOATFUZZY(3) OPTIMIZE(9,SPEED) DEFINE(NDEBUG=1) INTVECTOR(0X0000) INTPROMOTE INCDIR(C:\WorkSpace\7_SWM\T50\T50¸
                    -ü¸Ä³¤Ãù±¨¾¯³ÌÐò\HCXY_T50_EFM8BB21F16G-C-QFN20\inc;C:/SiliconLabs/SimplicityStudio/v4/developer/sdks/8051/v4.1.7//Device/
                    -shared/si8051base;C:/SiliconLabs/SimplicityStudio/v4/developer/sdks/8051/v4.1.7//Device/EFM8BB2/inc) REGFILE(HCXY_T50_EF
                    -M8BB21F16G-C-QFN20.ORC) PRINT(.\src\UartCfg.lst) COND PAGEWIDTH(120) PAGELENGTH(65) OBJECT(.\src\UartCfg.OBJ)

line level    source

   1          #include "SI_EFM8BB2_DEFS.h"
   2          #include "Uart.h"
   3          #include "UartCfg.h"
   4          #include "Command.h"
   5          #include "Cpu.h"
   6          #include "Timer.h"
   7          
   8          BYTE  xdata  MsgRadar_Distance[MsgRadar_Distance_Frame_Len];
   9          
  10          const BYTE  xdata  MsgRadar_Distance_Init[MsgRadar_Distance_Frame_Len] = {0xF0,0x03,0x04,0x09,0x28,0x28,0x
             -E0,0xFA};
  11          //TEST
  12          //const BYTE  xdata  MsgRadar_Distance_Init[MsgRadar_Distance_Frame_Len] =      \
*** WARNING C329 IN LINE 12 OF C:\WorkSpace\7_SWM\T50\T50¸ü¸Ä³¤Ãù±¨¾¯³ÌÐò\HCXY_T50_EFM8BB21F16G-C-QFN20\src\UartCfg.c: s
             -ingle-line comment contains line-continuation
  13          //        {0xF0,0x28,0x28,0x28,0x28,0x28,0xE0,0xFA};
  14          
  15          void InitUart1AllVar(void)
  16          {
  17   1              BYTE i;
  18   1              for(i=0;i<MsgRadar_Distance_Frame_Len;i++)
  19   1              {
  20   2                      MsgRadar_Distance[i] = MsgRadar_Distance_Init[i];
  21   2              }
  22   1      
  23   1      }


MODULE INFORMATION:   STATIC OVERLAYABLE
   CODE SIZE        =     40    ----
   CONSTANT SIZE    =   ----    ----
   XDATA SIZE       =     16    ----
   PDATA SIZE       =   ----    ----
   DATA SIZE        =   ----    ----
   IDATA SIZE       =   ----    ----
   BIT SIZE         =   ----    ----
   EDATA SIZE       =   ----    ----
   HDATA SIZE       =   ----    ----
   XDATA CONST SIZE =   ----    ----
   FAR CONST SIZE   =   ----    ----
END OF MODULE INFORMATION.


C51 COMPILATION COMPLETE.  1 WARNING(S),  0 ERROR(S)
