C51 COMPILER V9.60.0.0   INITDEVICE                                                        05/14/2020 09:09:52 PAGE 1   


C51 COMPILER V9.60.0.0, COMPILATION OF MODULE INITDEVICE
OBJECT MODULE PLACED IN .\src\InitDevice.OBJ
COMPILER INVOKED BY: c:\SiliconLabs\SimplicityStudio\v4\developer\toolchains\keil_8051\9.60\BIN\C51.exe C:\Users\Adminis
                    -trator\Desktop\workspace\X30\HCXY_X30_EFM8BB21F16G-C-QFN20_正常探芯\src\InitDevice.c OMF2 SMALL DEBUG OBJECTEXTEND ROM(L
                    -ARGE) WARNINGLEVEL(2) FLOATFUZZY(3) OPTIMIZE(9,SPEED) DEFINE(NDEBUG=1) INTVECTOR(0X0000) INTPROMOTE INCDIR(C:\Users\Admi
                    -nistrator\Desktop\workspace\X30\HCXY_X30_EFM8BB21F16G-C-QFN20_正常探芯\inc;C:/SiliconLabs/SimplicityStudio/v4/developer/
                    -sdks/8051/v4.1.7//Device/shared/si8051base;C:/SiliconLabs/SimplicityStudio/v4/developer/sdks/8051/v4.1.7//Device/EFM8BB2
                    -/inc) REGFILE(HCXY_X30_EFM8BB21F16G-C-QFN20_正常探芯.ORC) PRINT(.\src\InitDevice.lst) COND PAGEWIDTH(120) PAGELENGTH(65)
                    - OBJECT(.\src\InitDevice.OBJ)

line level    source



MODULE INFORMATION:   STATIC OVERLAYABLE
   CODE SIZE        =      5    ----
   CONSTANT SIZE    =   ----    ----
   XDATA SIZE       =   ----    ----
   PDATA SIZE       =   ----    ----
   DATA SIZE        =   ----    ----
   IDATA SIZE       =   ----    ----
   BIT SIZE         =   ----    ----
   EDATA SIZE       =   ----    ----
   HDATA SIZE       =   ----    ----
   XDATA CONST SIZE =   ----    ----
   FAR CONST SIZE   =   ----    ----
END OF MODULE INFORMATION.


C51 COMPILATION COMPLETE.  0 WARNING(S),  0 ERROR(S)
